0 info it worked if it ends with ok
1 verbose cli [ 'C:\\Program Files\\nodejs\\\\node.exe',
1 verbose cli   'C:\\Program Files\\nodejs\\node_modules\\npm\\bin\\npm-cli.js',
1 verbose cli   'install' ]
2 info using npm@2.11.3
3 info using node@v0.12.7
4 verbose readDependencies loading dependencies from C:\Users\Rony\workspace\SIG\package.json
5 warn package.json @ No description
6 warn package.json @ No repository field.
7 warn package.json @ No README data
8 warn package.json @ No license field.
9 verbose install where, deps [ 'C:\\Users\\Rony\\workspace\\SIG',
9 verbose install   [ 'body-parser',
9 verbose install     'cookie-parser',
9 verbose install     'express',
9 verbose install     'multer',
9 verbose install     'mustache',
9 verbose install     'mustache-express',
9 verbose install     'mysql',
9 verbose install     'sequelize',
9 verbose install     'sync',
9 verbose install     'synchronize' ] ]
10 verbose install where, peers [ 'C:\\Users\\Rony\\workspace\\SIG', [] ]
11 verbose installManyTop reading for lifecycle C:\Users\Rony\workspace\SIG\package.json
12 info preinstall @
13 verbose installManyTop reading scoped package data from C:\Users\Rony\workspace\SIG\node_modules\body-parser\package.json
14 verbose installManyTop reading scoped package data from C:\Users\Rony\workspace\SIG\node_modules\cookie-parser\package.json
15 verbose installManyTop reading scoped package data from C:\Users\Rony\workspace\SIG\node_modules\express\package.json
16 verbose installManyTop reading scoped package data from C:\Users\Rony\workspace\SIG\node_modules\multer\package.json
17 verbose installManyTop reading scoped package data from C:\Users\Rony\workspace\SIG\node_modules\mustache\package.json
18 verbose installManyTop reading scoped package data from C:\Users\Rony\workspace\SIG\node_modules\mustache-express\package.json
19 verbose installManyTop reading scoped package data from C:\Users\Rony\workspace\SIG\node_modules\mysql\package.json
20 verbose installManyTop reading scoped package data from C:\Users\Rony\workspace\SIG\node_modules\sequelize\package.json
21 info package.json mustache-express@1.2.1 No license field.
22 verbose readDependencies loading dependencies from C:\Users\Rony\workspace\SIG\package.json
23 verbose targetResolver reading package data from C:\Users\Rony\workspace\SIG\node_modules\body-parser\package.json
24 verbose targetResolver reading package data from C:\Users\Rony\workspace\SIG\node_modules\cookie-parser\package.json
25 verbose targetResolver reading package data from C:\Users\Rony\workspace\SIG\node_modules\express\package.json
26 verbose targetResolver reading package data from C:\Users\Rony\workspace\SIG\node_modules\multer\package.json
27 verbose targetResolver reading package data from C:\Users\Rony\workspace\SIG\node_modules\mustache\package.json
28 verbose targetResolver reading package data from C:\Users\Rony\workspace\SIG\node_modules\mustache-express\package.json
29 verbose targetResolver reading package data from C:\Users\Rony\workspace\SIG\node_modules\mysql\package.json
30 verbose targetResolver reading package data from C:\Users\Rony\workspace\SIG\node_modules\sequelize\package.json
31 verbose targetResolver reading package data from C:\Users\Rony\workspace\SIG\node_modules\.bin\mustache\package.json
32 verbose targetResolver reading package data from C:\Users\Rony\workspace\SIG\node_modules\.bin\mustache.cmd\package.json
33 silly cache add args [ 'sync@0.2.5', null ]
34 verbose cache add spec sync@0.2.5
35 silly cache add parsed spec { raw: 'sync@0.2.5',
35 silly cache add   scope: null,
35 silly cache add   name: 'sync',
35 silly cache add   rawSpec: '0.2.5',
35 silly cache add   spec: '0.2.5',
35 silly cache add   type: 'version' }
36 silly addNamed sync@0.2.5
37 verbose addNamed "0.2.5" is a plain semver version for sync
38 silly mapToRegistry name sync
39 silly mapToRegistry using default registry
40 silly mapToRegistry registry https://registry.npmjs.org/
41 silly mapToRegistry uri https://registry.npmjs.org/sync
42 verbose addNameVersion registry:https://registry.npmjs.org/sync not in flight; fetching
43 silly cache add args [ 'synchronize@0.9.14', null ]
44 verbose cache add spec synchronize@0.9.14
45 silly cache add parsed spec { raw: 'synchronize@0.9.14',
45 silly cache add   scope: null,
45 silly cache add   name: 'synchronize',
45 silly cache add   rawSpec: '0.9.14',
45 silly cache add   spec: '0.9.14',
45 silly cache add   type: 'version' }
46 silly addNamed synchronize@0.9.14
47 verbose addNamed "0.9.14" is a plain semver version for synchronize
48 silly mapToRegistry name synchronize
49 silly mapToRegistry using default registry
50 silly mapToRegistry registry https://registry.npmjs.org/
51 silly mapToRegistry uri https://registry.npmjs.org/synchronize
52 verbose addNameVersion registry:https://registry.npmjs.org/synchronize not in flight; fetching
53 verbose request uri https://registry.npmjs.org/sync
54 verbose request no auth needed
55 info attempt registry request try #1 at 7:55:07 PM
56 verbose request id 3581b1ce93723007
57 verbose etag "AQX8C9L1MA8YTJMI9VHJEVU2W"
58 http request GET https://registry.npmjs.org/sync
59 verbose request uri https://registry.npmjs.org/synchronize
60 verbose request no auth needed
61 info attempt registry request try #1 at 7:55:07 PM
62 verbose etag "7CBKG0KH43YH1FBW2PSAUOD38"
63 http request GET https://registry.npmjs.org/synchronize
64 verbose already installed skipping body-parser@1.13.3 C:\Users\Rony\workspace\SIG
65 verbose already installed skipping cookie-parser@1.3.5 C:\Users\Rony\workspace\SIG
66 verbose already installed skipping express@4.13.3 C:\Users\Rony\workspace\SIG
67 verbose already installed skipping multer@1.0.3 C:\Users\Rony\workspace\SIG
68 verbose already installed skipping mustache@2.2.0 C:\Users\Rony\workspace\SIG
69 verbose already installed skipping mustache-express@1.2.1 C:\Users\Rony\workspace\SIG
70 verbose already installed skipping mysql@2.9.0 C:\Users\Rony\workspace\SIG
71 verbose already installed skipping sequelize@3.7.1 C:\Users\Rony\workspace\SIG
72 http 304 https://registry.npmjs.org/synchronize
73 silly get cb [ 304,
73 silly get   { date: 'Mon, 14 Dec 2015 12:55:05 GMT',
73 silly get     via: '1.1 varnish',
73 silly get     'cache-control': 'max-age=300',
73 silly get     etag: '"7CBKG0KH43YH1FBW2PSAUOD38"',
73 silly get     age: '204',
73 silly get     connection: 'keep-alive',
73 silly get     'x-served-by': 'cache-sin6924-SIN',
73 silly get     'x-cache': 'HIT',
73 silly get     'x-cache-hits': '1',
73 silly get     'x-timer': 'S1450097705.238911,VS0,VE0',
73 silly get     vary: 'Accept' } ]
74 verbose etag https://registry.npmjs.org/synchronize from cache
75 verbose get saving synchronize to C:\Users\Rony\AppData\Roaming\npm-cache\registry.npmjs.org\synchronize\.cache.json
76 http 304 https://registry.npmjs.org/sync
77 silly get cb [ 304,
77 silly get   { date: 'Mon, 14 Dec 2015 12:55:05 GMT',
77 silly get     via: '1.1 varnish',
77 silly get     'cache-control': 'max-age=300',
77 silly get     etag: '"AQX8C9L1MA8YTJMI9VHJEVU2W"',
77 silly get     age: '203',
77 silly get     connection: 'keep-alive',
77 silly get     'x-served-by': 'cache-sin6923-SIN',
77 silly get     'x-cache': 'HIT',
77 silly get     'x-cache-hits': '1',
77 silly get     'x-timer': 'S1450097705.241669,VS0,VE0',
77 silly get     vary: 'Accept' } ]
78 verbose etag https://registry.npmjs.org/sync from cache
79 verbose get saving sync to C:\Users\Rony\AppData\Roaming\npm-cache\registry.npmjs.org\sync\.cache.json
80 silly cache afterAdd sync@0.2.5
81 verbose afterAdd C:\Users\Rony\AppData\Roaming\npm-cache\sync\0.2.5\package\package.json not in flight; writing
82 silly cache afterAdd synchronize@0.9.14
83 verbose afterAdd C:\Users\Rony\AppData\Roaming\npm-cache\synchronize\0.9.14\package\package.json not in flight; writing
84 verbose afterAdd C:\Users\Rony\AppData\Roaming\npm-cache\sync\0.2.5\package\package.json written
85 verbose afterAdd C:\Users\Rony\AppData\Roaming\npm-cache\synchronize\0.9.14\package\package.json written
86 silly install resolved [ { name: 'sync',
86 silly install resolved     description: 'Library that makes simple to run asynchronous functions in synchronous manner, using node-fibers.',
86 silly install resolved     version: '0.2.5',
86 silly install resolved     url: 'http://github.com/0ctave/node-sync',
86 silly install resolved     author: { name: 'Yuriy Bogdanov', email: 'chinsay@gmail.com' },
86 silly install resolved     main: 'lib/sync',
86 silly install resolved     license: 'MIT',
86 silly install resolved     repository:
86 silly install resolved      { type: 'git',
86 silly install resolved        url: 'git+https://github.com/ybogdanov/node-sync.git' },
86 silly install resolved     engines: { node: '>=0.5.2' },
86 silly install resolved     dependencies: { fibers: '>=0.6' },
86 silly install resolved     bugs: { url: 'https://github.com/ybogdanov/node-sync/issues' },
86 silly install resolved     homepage: 'https://github.com/ybogdanov/node-sync',
86 silly install resolved     _id: 'sync@0.2.5',
86 silly install resolved     dist:
86 silly install resolved      { shasum: '3910bb9b66abee56542e2e70f0ce549031252df6',
86 silly install resolved        tarball: 'http://registry.npmjs.org/sync/-/sync-0.2.5.tgz' },
86 silly install resolved     _from: 'sync@0.2.5',
86 silly install resolved     _npmVersion: '1.4.3',
86 silly install resolved     _npmUser: { name: 'octave', email: 'chinsay@gmail.com' },
86 silly install resolved     maintainers: [ [Object] ],
86 silly install resolved     directories: {},
86 silly install resolved     _shasum: '3910bb9b66abee56542e2e70f0ce549031252df6',
86 silly install resolved     _resolved: 'https://registry.npmjs.org/sync/-/sync-0.2.5.tgz',
86 silly install resolved     readme: 'ERROR: No README data found!' },
86 silly install resolved   { name: 'synchronize',
86 silly install resolved     main: './sync',
86 silly install resolved     version: '0.9.14',
86 silly install resolved     homepage: 'http://alexeypetrushin.github.com/synchronize',
86 silly install resolved     repository:
86 silly install resolved      { type: 'git',
86 silly install resolved        url: 'git+https://github.com/alexeypetrushin/synchronize.git' },
86 silly install resolved     dependencies: { fibers: '1.0.x' },
86 silly install resolved     devDependencies: { mocha: '1.0.x', chai: '1.3.x' },
86 silly install resolved     scripts: { test: 'mocha -R spec test/*.js' },
86 silly install resolved     description: 'Turns asynchronous function into synchronous',
86 silly install resolved     keywords: [ 'Fibers', 'Sync', 'Async', 'Control Flow' ],
86 silly install resolved     author: { name: 'Alexey Petrushin', url: 'http://petrush.in' },
86 silly install resolved     license: 'MIT',
86 silly install resolved     gitHead: '1158994c0ff0dce165d8402f73775861ed978589',
86 silly install resolved     bugs: { url: 'https://github.com/alexeypetrushin/synchronize/issues' },
86 silly install resolved     _id: 'synchronize@0.9.14',
86 silly install resolved     _shasum: 'ac3bb7d94ecd05710d4ba90ea794b4866ab23d97',
86 silly install resolved     _from: 'synchronize@0.9.14',
86 silly install resolved     _npmVersion: '1.4.28',
86 silly install resolved     _npmUser:
86 silly install resolved      { name: 'alexey.petrushin',
86 silly install resolved        email: 'alexey.petrushin@gmail.com' },
86 silly install resolved     maintainers: [ [Object] ],
86 silly install resolved     dist:
86 silly install resolved      { shasum: 'ac3bb7d94ecd05710d4ba90ea794b4866ab23d97',
86 silly install resolved        tarball: 'http://registry.npmjs.org/synchronize/-/synchronize-0.9.14.tgz' },
86 silly install resolved     directories: {},
86 silly install resolved     _resolved: 'https://registry.npmjs.org/synchronize/-/synchronize-0.9.14.tgz',
86 silly install resolved     readme: 'ERROR: No README data found!' } ]
87 info install sync@0.2.5 into C:\Users\Rony\workspace\SIG
88 info install synchronize@0.9.14 into C:\Users\Rony\workspace\SIG
89 info installOne sync@0.2.5
90 verbose installOne of sync to C:\Users\Rony\workspace\SIG not in flight; installing
91 info installOne synchronize@0.9.14
92 verbose installOne of synchronize to C:\Users\Rony\workspace\SIG not in flight; installing
93 verbose lock using C:\Users\Rony\AppData\Roaming\npm-cache\_locks\sync-e951bc92c20fe41f.lock for C:\Users\Rony\workspace\SIG\node_modules\sync
94 verbose lock using C:\Users\Rony\AppData\Roaming\npm-cache\_locks\synchronize-8054eb85fe38b4a3.lock for C:\Users\Rony\workspace\SIG\node_modules\synchronize
95 silly install write writing sync 0.2.5 to C:\Users\Rony\workspace\SIG\node_modules\sync
96 silly install write writing synchronize 0.9.14 to C:\Users\Rony\workspace\SIG\node_modules\synchronize
97 verbose unbuild node_modules\synchronize
98 verbose unbuild node_modules\sync
99 silly gentlyRm C:\Users\Rony\workspace\SIG\node_modules\synchronize is being purged from base C:\Users\Rony\workspace\SIG
100 verbose gentlyRm don't care about contents; nuking C:\Users\Rony\workspace\SIG\node_modules\synchronize
101 silly gentlyRm C:\Users\Rony\workspace\SIG\node_modules\sync is being purged from base C:\Users\Rony\workspace\SIG
102 verbose gentlyRm don't care about contents; nuking C:\Users\Rony\workspace\SIG\node_modules\sync
103 verbose tar unpack C:\Users\Rony\AppData\Roaming\npm-cache\synchronize\0.9.14\package.tgz
104 verbose tar unpacking to C:\Users\Rony\workspace\SIG\node_modules\synchronize
105 silly gentlyRm C:\Users\Rony\workspace\SIG\node_modules\synchronize is being purged
106 verbose gentlyRm don't care about contents; nuking C:\Users\Rony\workspace\SIG\node_modules\synchronize
107 verbose tar unpack C:\Users\Rony\AppData\Roaming\npm-cache\sync\0.2.5\package.tgz
108 verbose tar unpacking to C:\Users\Rony\workspace\SIG\node_modules\sync
109 silly gentlyRm C:\Users\Rony\workspace\SIG\node_modules\sync is being purged
110 verbose gentlyRm don't care about contents; nuking C:\Users\Rony\workspace\SIG\node_modules\sync
111 silly gunzTarPerm modes [ '777', '666' ]
112 silly gunzTarPerm modes [ '777', '666' ]
113 silly gunzTarPerm extractEntry package.json
114 silly gunzTarPerm modified mode [ 'package.json', 420, 438 ]
115 silly gunzTarPerm extractEntry package.json
116 silly gunzTarPerm modified mode [ 'package.json', 420, 438 ]
117 silly gunzTarPerm extractEntry .npmignore
118 silly gunzTarPerm modified mode [ '.npmignore', 420, 438 ]
119 silly gunzTarPerm extractEntry sync.js
120 silly gunzTarPerm modified mode [ 'sync.js', 420, 438 ]
121 silly gunzTarPerm extractEntry .npmignore
122 silly gunzTarPerm modified mode [ '.npmignore', 420, 438 ]
123 silly gunzTarPerm extractEntry README.md
124 silly gunzTarPerm modified mode [ 'README.md', 420, 438 ]
125 silly gunzTarPerm extractEntry LICENSE
126 silly gunzTarPerm modified mode [ 'LICENSE', 420, 438 ]
127 silly gunzTarPerm extractEntry benchmarks/index.js
128 silly gunzTarPerm modified mode [ 'benchmarks/index.js', 420, 438 ]
129 silly gunzTarPerm extractEntry index.html
130 silly gunzTarPerm modified mode [ 'index.html', 420, 438 ]
131 silly gunzTarPerm extractEntry examples/basic.js
132 silly gunzTarPerm modified mode [ 'examples/basic.js', 420, 438 ]
133 silly gunzTarPerm extractEntry examples/async.js
134 silly gunzTarPerm modified mode [ 'examples/async.js', 420, 438 ]
135 silly gunzTarPerm extractEntry examples/exceptions.js
136 silly gunzTarPerm modified mode [ 'examples/exceptions.js', 420, 438 ]
137 silly gunzTarPerm extractEntry examples/express.js
138 silly gunzTarPerm modified mode [ 'examples/express.js', 420, 438 ]
139 silly gunzTarPerm extractEntry examples/fiber.js
140 silly gunzTarPerm modified mode [ 'examples/fiber.js', 420, 438 ]
141 silly gunzTarPerm extractEntry examples/future.js
142 silly gunzTarPerm modified mode [ 'examples/future.js', 420, 438 ]
143 silly gunzTarPerm extractEntry examples/blocking.js
144 silly gunzTarPerm modified mode [ 'examples/blocking.js', 420, 438 ]
145 silly gunzTarPerm extractEntry examples/repl.js
146 silly gunzTarPerm modified mode [ 'examples/repl.js', 420, 438 ]
147 silly gunzTarPerm extractEntry examples/scope.js
148 silly gunzTarPerm modified mode [ 'examples/scope.js', 420, 438 ]
149 silly gunzTarPerm extractEntry examples/simple.js
150 silly gunzTarPerm modified mode [ 'examples/simple.js', 420, 438 ]
151 silly gunzTarPerm extractEntry examples/simple2.js
152 silly gunzTarPerm modified mode [ 'examples/simple2.js', 420, 438 ]
153 silly gunzTarPerm extractEntry examples/vars.js
154 silly gunzTarPerm modified mode [ 'examples/vars.js', 420, 438 ]
155 silly gunzTarPerm extractEntry examples/object.js
156 silly gunzTarPerm modified mode [ 'examples/object.js', 420, 438 ]
157 silly gunzTarPerm extractEntry lib/sync.js
158 silly gunzTarPerm modified mode [ 'lib/sync.js', 420, 438 ]
159 silly gunzTarPerm extractEntry test/async.js
160 silly gunzTarPerm modified mode [ 'test/async.js', 420, 438 ]
161 silly gunzTarPerm extractEntry test/fiber.js
162 silly gunzTarPerm modified mode [ 'test/fiber.js', 420, 438 ]
163 silly gunzTarPerm extractEntry test/future.js
164 silly gunzTarPerm modified mode [ 'test/future.js', 420, 438 ]
165 silly gunzTarPerm extractEntry test/index.js
166 silly gunzTarPerm modified mode [ 'test/index.js', 420, 438 ]
167 silly gunzTarPerm extractEntry test/sleep.js
168 silly gunzTarPerm modified mode [ 'test/sleep.js', 420, 438 ]
169 silly gunzTarPerm extractEntry test/sync.js
170 silly gunzTarPerm modified mode [ 'test/sync.js', 420, 438 ]
171 silly gunzTarPerm extractEntry examples/express.js
172 silly gunzTarPerm modified mode [ 'examples/express.js', 420, 438 ]
173 silly gunzTarPerm extractEntry examples/list.js
174 silly gunzTarPerm modified mode [ 'examples/list.js', 420, 438 ]
175 silly gunzTarPerm extractEntry examples/listAsync.js
176 silly gunzTarPerm modified mode [ 'examples/listAsync.js', 420, 438 ]
177 silly gunzTarPerm extractEntry examples/mocha.js
178 silly gunzTarPerm modified mode [ 'examples/mocha.js', 420, 438 ]
179 silly gunzTarPerm extractEntry .travis.yml
180 silly gunzTarPerm modified mode [ '.travis.yml', 420, 438 ]
181 silly gunzTarPerm extractEntry docs/assets/bootstrap/css/bootstrap.css
182 silly gunzTarPerm modified mode [ 'docs/assets/bootstrap/css/bootstrap.css', 420, 438 ]
183 silly gunzTarPerm extractEntry docs/assets/bootstrap/img/glyphicons-halflings-white.png
184 silly gunzTarPerm modified mode [ 'docs/assets/bootstrap/img/glyphicons-halflings-white.png',
184 silly gunzTarPerm   420,
184 silly gunzTarPerm   438 ]
185 silly gunzTarPerm extractEntry docs/assets/bootstrap/img/glyphicons-halflings.png
186 silly gunzTarPerm modified mode [ 'docs/assets/bootstrap/img/glyphicons-halflings.png',
186 silly gunzTarPerm   420,
186 silly gunzTarPerm   438 ]
187 silly gunzTarPerm extractEntry docs/assets/bootstrap/js/bootstrap.js
188 silly gunzTarPerm modified mode [ 'docs/assets/bootstrap/js/bootstrap.js', 420, 438 ]
189 silly gunzTarPerm extractEntry docs/assets/google-code-prettify/prettify.js
190 silly gunzTarPerm modified mode [ 'docs/assets/google-code-prettify/prettify.js', 420, 438 ]
191 silly gunzTarPerm extractEntry docs/assets/google-code-prettify/prettify.css
192 silly gunzTarPerm modified mode [ 'docs/assets/google-code-prettify/prettify.css', 420, 438 ]
193 silly gunzTarPerm extractEntry docs/assets/style.css
194 silly gunzTarPerm modified mode [ 'docs/assets/style.css', 420, 438 ]
195 silly gunzTarPerm extractEntry docs/index.html
196 silly gunzTarPerm modified mode [ 'docs/index.html', 420, 438 ]
197 silly gunzTarPerm extractEntry readme.md
198 silly gunzTarPerm modified mode [ 'readme.md', 420, 438 ]
199 silly gunzTarPerm extractEntry test/sync.js
200 silly gunzTarPerm modified mode [ 'test/sync.js', 420, 438 ]
201 verbose write writing to C:\Users\Rony\workspace\SIG\node_modules\sync\package.json
202 info preinstall sync@0.2.5
203 verbose readDependencies loading dependencies from C:\Users\Rony\workspace\SIG\node_modules\sync\package.json
204 silly prepareForInstallMany adding fibers@>=0.6 from sync dependencies
205 verbose readDependencies loading dependencies from C:\Users\Rony\workspace\SIG\node_modules\sync\package.json
206 silly cache add args [ 'fibers@>=0.6', null ]
207 verbose cache add spec fibers@>=0.6
208 silly cache add parsed spec { raw: 'fibers@>=0.6',
208 silly cache add   scope: null,
208 silly cache add   name: 'fibers',
208 silly cache add   rawSpec: '>=0.6',
208 silly cache add   spec: '>=0.6.0',
208 silly cache add   type: 'range' }
209 silly addNamed fibers@>=0.6.0
210 verbose addNamed ">=0.6.0" is a valid semver range for fibers
211 silly addNameRange { name: 'fibers', range: '>=0.6.0', hasData: false }
212 silly mapToRegistry name fibers
213 silly mapToRegistry using default registry
214 silly mapToRegistry registry https://registry.npmjs.org/
215 silly mapToRegistry uri https://registry.npmjs.org/fibers
216 verbose addNameRange registry:https://registry.npmjs.org/fibers not in flight; fetching
217 verbose request uri https://registry.npmjs.org/fibers
218 verbose request no auth needed
219 info attempt registry request try #1 at 7:55:08 PM
220 verbose etag "1TLRPTVAH0BOR83U0X66QF6ZK"
221 http request GET https://registry.npmjs.org/fibers
222 verbose write writing to C:\Users\Rony\workspace\SIG\node_modules\synchronize\package.json
223 info preinstall synchronize@0.9.14
224 verbose readDependencies loading dependencies from C:\Users\Rony\workspace\SIG\node_modules\synchronize\package.json
225 silly prepareForInstallMany adding fibers@1.0.x from synchronize dependencies
226 verbose readDependencies loading dependencies from C:\Users\Rony\workspace\SIG\node_modules\synchronize\package.json
227 silly cache add args [ 'fibers@1.0.x', null ]
228 verbose cache add spec fibers@1.0.x
229 silly cache add parsed spec { raw: 'fibers@1.0.x',
229 silly cache add   scope: null,
229 silly cache add   name: 'fibers',
229 silly cache add   rawSpec: '1.0.x',
229 silly cache add   spec: '>=1.0.0 <1.1.0',
229 silly cache add   type: 'range' }
230 silly addNamed fibers@>=1.0.0 <1.1.0
231 verbose addNamed ">=1.0.0 <1.1.0" is a valid semver range for fibers
232 silly addNameRange { name: 'fibers', range: '>=1.0.0 <1.1.0', hasData: false }
233 silly mapToRegistry name fibers
234 silly mapToRegistry using default registry
235 silly mapToRegistry registry https://registry.npmjs.org/
236 silly mapToRegistry uri https://registry.npmjs.org/fibers
237 verbose addNameRange registry:https://registry.npmjs.org/fibers already in flight; waiting
238 http 304 https://registry.npmjs.org/fibers
239 silly get cb [ 304,
239 silly get   { date: 'Mon, 14 Dec 2015 12:55:05 GMT',
239 silly get     via: '1.1 varnish',
239 silly get     'cache-control': 'max-age=300',
239 silly get     etag: '"1TLRPTVAH0BOR83U0X66QF6ZK"',
239 silly get     age: '0',
239 silly get     connection: 'keep-alive',
239 silly get     'x-served-by': 'cache-sin6925-SIN',
239 silly get     'x-cache': 'HIT',
239 silly get     'x-cache-hits': '1',
239 silly get     'x-timer': 'S1450097705.836944,VS0,VE1043',
239 silly get     vary: 'Accept' } ]
240 verbose etag https://registry.npmjs.org/fibers from cache
241 verbose get saving fibers to C:\Users\Rony\AppData\Roaming\npm-cache\registry.npmjs.org\fibers\.cache.json
242 silly addNameRange number 2 { name: 'fibers', range: '>=0.6.0', hasData: true }
243 silly addNameRange versions [ 'fibers',
243 silly addNameRange   [ '0.1.0',
243 silly addNameRange     '0.1.1',
243 silly addNameRange     '0.1.2',
243 silly addNameRange     '0.1.3',
243 silly addNameRange     '0.1.4',
243 silly addNameRange     '0.1.6',
243 silly addNameRange     '0.1.7',
243 silly addNameRange     '0.1.8',
243 silly addNameRange     '0.2.0',
243 silly addNameRange     '0.2.1',
243 silly addNameRange     '0.2.2',
243 silly addNameRange     '0.2.3',
243 silly addNameRange     '0.2.4',
243 silly addNameRange     '0.2.5',
243 silly addNameRange     '0.2.6',
243 silly addNameRange     '0.5.0',
243 silly addNameRange     '0.6.0',
243 silly addNameRange     '0.5.1',
243 silly addNameRange     '0.6.1',
243 silly addNameRange     '0.6.2',
243 silly addNameRange     '0.6.3',
243 silly addNameRange     '0.6.4',
243 silly addNameRange     '0.6.5',
243 silly addNameRange     '0.6.6',
243 silly addNameRange     '0.6.7',
243 silly addNameRange     '0.6.8',
243 silly addNameRange     '0.6.9',
243 silly addNameRange     '1.0.0',
243 silly addNameRange     '1.0.1',
243 silly addNameRange     '1.0.2',
243 silly addNameRange     '1.0.4',
243 silly addNameRange     '1.0.5',
243 silly addNameRange     '1.0.6-b',
243 silly addNameRange     '1.0.7',
243 silly addNameRange     '1.0.8' ] ]
244 silly addNamed fibers@1.0.8
245 verbose addNamed "1.0.8" is a plain semver version for fibers
246 silly addNameRange number 2 { name: 'fibers', range: '>=1.0.0 <1.1.0', hasData: true }
247 silly addNameRange versions [ 'fibers',
247 silly addNameRange   [ '0.1.0',
247 silly addNameRange     '0.1.1',
247 silly addNameRange     '0.1.2',
247 silly addNameRange     '0.1.3',
247 silly addNameRange     '0.1.4',
247 silly addNameRange     '0.1.6',
247 silly addNameRange     '0.1.7',
247 silly addNameRange     '0.1.8',
247 silly addNameRange     '0.2.0',
247 silly addNameRange     '0.2.1',
247 silly addNameRange     '0.2.2',
247 silly addNameRange     '0.2.3',
247 silly addNameRange     '0.2.4',
247 silly addNameRange     '0.2.5',
247 silly addNameRange     '0.2.6',
247 silly addNameRange     '0.5.0',
247 silly addNameRange     '0.6.0',
247 silly addNameRange     '0.5.1',
247 silly addNameRange     '0.6.1',
247 silly addNameRange     '0.6.2',
247 silly addNameRange     '0.6.3',
247 silly addNameRange     '0.6.4',
247 silly addNameRange     '0.6.5',
247 silly addNameRange     '0.6.6',
247 silly addNameRange     '0.6.7',
247 silly addNameRange     '0.6.8',
247 silly addNameRange     '0.6.9',
247 silly addNameRange     '1.0.0',
247 silly addNameRange     '1.0.1',
247 silly addNameRange     '1.0.2',
247 silly addNameRange     '1.0.4',
247 silly addNameRange     '1.0.5',
247 silly addNameRange     '1.0.6-b',
247 silly addNameRange     '1.0.7',
247 silly addNameRange     '1.0.8' ] ]
248 silly addNamed fibers@1.0.8
249 verbose addNamed "1.0.8" is a plain semver version for fibers
250 silly cache afterAdd fibers@1.0.8
251 verbose afterAdd C:\Users\Rony\AppData\Roaming\npm-cache\fibers\1.0.8\package\package.json not in flight; writing
252 silly cache afterAdd fibers@1.0.8
253 verbose afterAdd C:\Users\Rony\AppData\Roaming\npm-cache\fibers\1.0.8\package\package.json already in flight; not writing
254 verbose afterAdd C:\Users\Rony\AppData\Roaming\npm-cache\fibers\1.0.8\package\package.json written
255 silly install resolved [ { name: 'fibers',
255 silly install resolved     version: '1.0.8',
255 silly install resolved     description: 'Cooperative multi-tasking for Javascript',
255 silly install resolved     keywords:
255 silly install resolved      [ 'fiber',
255 silly install resolved        'fibers',
255 silly install resolved        'coroutine',
255 silly install resolved        'thread',
255 silly install resolved        'async',
255 silly install resolved        'parallel',
255 silly install resolved        'worker',
255 silly install resolved        'future',
255 silly install resolved        'promise' ],
255 silly install resolved     homepage: 'https://github.com/laverdet/node-fibers',
255 silly install resolved     author:
255 silly install resolved      { name: 'Marcel Laverdet',
255 silly install resolved        email: 'marcel@laverdet.com',
255 silly install resolved        url: 'https://github.com/laverdet/' },
255 silly install resolved     main: 'fibers',
255 silly install resolved     scripts:
255 silly install resolved      { install: 'node build.js || nodejs build.js',
255 silly install resolved        test: 'node test.js || nodejs test.js' },
255 silly install resolved     repository:
255 silly install resolved      { type: 'git',
255 silly install resolved        url: 'git://github.com/laverdet/node-fibers.git' },
255 silly install resolved     license: 'MIT',
255 silly install resolved     engines: { node: '>=0.5.2' },
255 silly install resolved     gitHead: '7dfdb6d2fb1e3fabf26d1f6d5102e08d0c557c5d',
255 silly install resolved     bugs: { url: 'https://github.com/laverdet/node-fibers/issues' },
255 silly install resolved     _id: 'fibers@1.0.8',
255 silly install resolved     _shasum: 'cbffda427c4e588a6f8601c2a07d134b092077f2',
255 silly install resolved     _from: 'fibers@>=0.6.0',
255 silly install resolved     _npmVersion: '3.3.12',
255 silly install resolved     _nodeVersion: '5.1.0',
255 silly install resolved     _npmUser: { name: 'laverdet', email: 'marcel.npm@laverdet.com' },
255 silly install resolved     maintainers: [ [Object] ],
255 silly install resolved     dist:
255 silly install resolved      { shasum: 'cbffda427c4e588a6f8601c2a07d134b092077f2',
255 silly install resolved        tarball: 'http://registry.npmjs.org/fibers/-/fibers-1.0.8.tgz' },
255 silly install resolved     directories: {},
255 silly install resolved     _resolved: 'https://registry.npmjs.org/fibers/-/fibers-1.0.8.tgz',
255 silly install resolved     readme: 'ERROR: No README data found!' } ]
256 info install fibers@1.0.8 into C:\Users\Rony\workspace\SIG\node_modules\sync
257 info installOne fibers@1.0.8
258 verbose installOne of fibers to C:\Users\Rony\workspace\SIG\node_modules\sync not in flight; installing
259 silly install resolved [ { name: 'fibers',
259 silly install resolved     version: '1.0.8',
259 silly install resolved     description: 'Cooperative multi-tasking for Javascript',
259 silly install resolved     keywords:
259 silly install resolved      [ 'fiber',
259 silly install resolved        'fibers',
259 silly install resolved        'coroutine',
259 silly install resolved        'thread',
259 silly install resolved        'async',
259 silly install resolved        'parallel',
259 silly install resolved        'worker',
259 silly install resolved        'future',
259 silly install resolved        'promise' ],
259 silly install resolved     homepage: 'https://github.com/laverdet/node-fibers',
259 silly install resolved     author:
259 silly install resolved      { name: 'Marcel Laverdet',
259 silly install resolved        email: 'marcel@laverdet.com',
259 silly install resolved        url: 'https://github.com/laverdet/' },
259 silly install resolved     main: 'fibers',
259 silly install resolved     scripts:
259 silly install resolved      { install: 'node build.js || nodejs build.js',
259 silly install resolved        test: 'node test.js || nodejs test.js' },
259 silly install resolved     repository:
259 silly install resolved      { type: 'git',
259 silly install resolved        url: 'git://github.com/laverdet/node-fibers.git' },
259 silly install resolved     license: 'MIT',
259 silly install resolved     engines: { node: '>=0.5.2' },
259 silly install resolved     gitHead: '7dfdb6d2fb1e3fabf26d1f6d5102e08d0c557c5d',
259 silly install resolved     bugs: { url: 'https://github.com/laverdet/node-fibers/issues' },
259 silly install resolved     _id: 'fibers@1.0.8',
259 silly install resolved     _shasum: 'cbffda427c4e588a6f8601c2a07d134b092077f2',
259 silly install resolved     _from: 'fibers@>=0.6.0',
259 silly install resolved     _npmVersion: '3.3.12',
259 silly install resolved     _nodeVersion: '5.1.0',
259 silly install resolved     _npmUser: { name: 'laverdet', email: 'marcel.npm@laverdet.com' },
259 silly install resolved     maintainers: [ [Object] ],
259 silly install resolved     dist:
259 silly install resolved      { shasum: 'cbffda427c4e588a6f8601c2a07d134b092077f2',
259 silly install resolved        tarball: 'http://registry.npmjs.org/fibers/-/fibers-1.0.8.tgz' },
259 silly install resolved     directories: {},
259 silly install resolved     _resolved: 'https://registry.npmjs.org/fibers/-/fibers-1.0.8.tgz',
259 silly install resolved     readme: 'ERROR: No README data found!' } ]
260 info install fibers@1.0.8 into C:\Users\Rony\workspace\SIG\node_modules\synchronize
261 info installOne fibers@1.0.8
262 verbose installOne of fibers to C:\Users\Rony\workspace\SIG\node_modules\synchronize not in flight; installing
263 verbose lock using C:\Users\Rony\AppData\Roaming\npm-cache\_locks\fibers-06d8b387c1b26fb0.lock for C:\Users\Rony\workspace\SIG\node_modules\sync\node_modules\fibers
264 verbose lock using C:\Users\Rony\AppData\Roaming\npm-cache\_locks\fibers-b762f26bbbe88bf1.lock for C:\Users\Rony\workspace\SIG\node_modules\synchronize\node_modules\fibers
265 silly install write writing fibers 1.0.8 to C:\Users\Rony\workspace\SIG\node_modules\sync\node_modules\fibers
266 silly install write writing fibers 1.0.8 to C:\Users\Rony\workspace\SIG\node_modules\synchronize\node_modules\fibers
267 verbose unbuild node_modules\sync\node_modules\fibers
268 verbose unbuild node_modules\synchronize\node_modules\fibers
269 silly gentlyRm C:\Users\Rony\workspace\SIG\node_modules\sync\node_modules\fibers is being purged from base C:\Users\Rony\workspace\SIG
270 verbose gentlyRm don't care about contents; nuking C:\Users\Rony\workspace\SIG\node_modules\sync\node_modules\fibers
271 silly gentlyRm C:\Users\Rony\workspace\SIG\node_modules\synchronize\node_modules\fibers is being purged from base C:\Users\Rony\workspace\SIG
272 verbose gentlyRm don't care about contents; nuking C:\Users\Rony\workspace\SIG\node_modules\synchronize\node_modules\fibers
273 verbose tar unpack C:\Users\Rony\AppData\Roaming\npm-cache\fibers\1.0.8\package.tgz
274 verbose tar unpacking to C:\Users\Rony\workspace\SIG\node_modules\sync\node_modules\fibers
275 silly gentlyRm C:\Users\Rony\workspace\SIG\node_modules\sync\node_modules\fibers is being purged
276 verbose gentlyRm don't care about contents; nuking C:\Users\Rony\workspace\SIG\node_modules\sync\node_modules\fibers
277 verbose tar unpack C:\Users\Rony\AppData\Roaming\npm-cache\fibers\1.0.8\package.tgz
278 verbose tar unpacking to C:\Users\Rony\workspace\SIG\node_modules\synchronize\node_modules\fibers
279 silly gentlyRm C:\Users\Rony\workspace\SIG\node_modules\synchronize\node_modules\fibers is being purged
280 verbose gentlyRm don't care about contents; nuking C:\Users\Rony\workspace\SIG\node_modules\synchronize\node_modules\fibers
281 silly gunzTarPerm modes [ '777', '666' ]
282 silly gunzTarPerm modes [ '777', '666' ]
283 silly gunzTarPerm extractEntry package.json
284 silly gunzTarPerm modified mode [ 'package.json', 420, 438 ]
285 silly gunzTarPerm extractEntry package.json
286 silly gunzTarPerm modified mode [ 'package.json', 420, 438 ]
287 silly gunzTarPerm extractEntry .npmignore
288 silly gunzTarPerm modified mode [ '.npmignore', 420, 438 ]
289 silly gunzTarPerm extractEntry README.md
290 silly gunzTarPerm modified mode [ 'README.md', 420, 438 ]
291 silly gunzTarPerm extractEntry .npmignore
292 silly gunzTarPerm modified mode [ '.npmignore', 420, 438 ]
293 silly gunzTarPerm extractEntry README.md
294 silly gunzTarPerm modified mode [ 'README.md', 420, 438 ]
295 silly gunzTarPerm extractEntry LICENSE
296 silly gunzTarPerm modified mode [ 'LICENSE', 420, 438 ]
297 silly gunzTarPerm extractEntry LICENSE
298 silly gunzTarPerm modified mode [ 'LICENSE', 420, 438 ]
299 silly gunzTarPerm extractEntry quick-test.js
300 silly gunzTarPerm modified mode [ 'quick-test.js', 420, 438 ]
301 silly gunzTarPerm extractEntry future.js
302 silly gunzTarPerm modified mode [ 'future.js', 420, 438 ]
303 silly gunzTarPerm extractEntry quick-test.js
304 silly gunzTarPerm modified mode [ 'quick-test.js', 420, 438 ]
305 silly gunzTarPerm extractEntry future.js
306 silly gunzTarPerm modified mode [ 'future.js', 420, 438 ]
307 silly gunzTarPerm extractEntry build.js
308 silly gunzTarPerm modified mode [ 'build.js', 493, 511 ]
309 silly gunzTarPerm extractEntry test.js
310 silly gunzTarPerm modified mode [ 'test.js', 493, 511 ]
311 silly gunzTarPerm extractEntry build.js
312 silly gunzTarPerm modified mode [ 'build.js', 493, 511 ]
313 silly gunzTarPerm extractEntry test.js
314 silly gunzTarPerm modified mode [ 'test.js', 493, 511 ]
315 silly gunzTarPerm extractEntry fibers.js
316 silly gunzTarPerm modified mode [ 'fibers.js', 420, 438 ]
317 silly gunzTarPerm extractEntry binding.gyp
318 silly gunzTarPerm modified mode [ 'binding.gyp', 420, 438 ]
319 silly gunzTarPerm extractEntry fibers.js
320 silly gunzTarPerm modified mode [ 'fibers.js', 420, 438 ]
321 silly gunzTarPerm extractEntry binding.gyp
322 silly gunzTarPerm modified mode [ 'binding.gyp', 420, 438 ]
323 silly gunzTarPerm extractEntry bin/.npmignore
324 silly gunzTarPerm modified mode [ 'bin/.npmignore', 420, 438 ]
325 silly gunzTarPerm extractEntry bin/darwin-ia32-v8-4.6/fibers.node
326 silly gunzTarPerm modified mode [ 'bin/darwin-ia32-v8-4.6/fibers.node', 493, 511 ]
327 silly gunzTarPerm extractEntry bin/.npmignore
328 silly gunzTarPerm modified mode [ 'bin/.npmignore', 420, 438 ]
329 silly gunzTarPerm extractEntry bin/darwin-ia32-v8-4.6/fibers.node
330 silly gunzTarPerm modified mode [ 'bin/darwin-ia32-v8-4.6/fibers.node', 493, 511 ]
331 silly gunzTarPerm extractEntry bin/darwin-x64-v8-4.6/fibers.node
332 silly gunzTarPerm modified mode [ 'bin/darwin-x64-v8-4.6/fibers.node', 493, 511 ]
333 silly gunzTarPerm extractEntry bin/linux-ia32-v8-4.6/fibers.node
334 silly gunzTarPerm modified mode [ 'bin/linux-ia32-v8-4.6/fibers.node', 493, 511 ]
335 silly gunzTarPerm extractEntry bin/darwin-x64-v8-4.6/fibers.node
336 silly gunzTarPerm modified mode [ 'bin/darwin-x64-v8-4.6/fibers.node', 493, 511 ]
337 silly gunzTarPerm extractEntry bin/linux-ia32-v8-4.6/fibers.node
338 silly gunzTarPerm modified mode [ 'bin/linux-ia32-v8-4.6/fibers.node', 493, 511 ]
339 silly gunzTarPerm extractEntry bin/linux-x64-v8-4.6/fibers.node
340 silly gunzTarPerm modified mode [ 'bin/linux-x64-v8-4.6/fibers.node', 493, 511 ]
341 silly gunzTarPerm extractEntry bin/linux-x64-v8-4.6/fibers.node
342 silly gunzTarPerm modified mode [ 'bin/linux-x64-v8-4.6/fibers.node', 493, 511 ]
343 silly gunzTarPerm extractEntry bin/repl
344 silly gunzTarPerm modified mode [ 'bin/repl', 493, 511 ]
345 silly gunzTarPerm extractEntry bin/repl
346 silly gunzTarPerm modified mode [ 'bin/repl', 493, 511 ]
347 silly gunzTarPerm extractEntry bin/win32-ia32-v8-4.6/fibers.node
348 silly gunzTarPerm modified mode [ 'bin/win32-ia32-v8-4.6/fibers.node', 420, 438 ]
349 silly gunzTarPerm extractEntry bin/win32-ia32-v8-4.6/fibers.node
350 silly gunzTarPerm modified mode [ 'bin/win32-ia32-v8-4.6/fibers.node', 420, 438 ]
351 silly gunzTarPerm extractEntry bin/win32-x64-v8-4.6/fibers.node
352 silly gunzTarPerm modified mode [ 'bin/win32-x64-v8-4.6/fibers.node', 420, 438 ]
353 silly gunzTarPerm extractEntry bin/win32-x64-v8-4.6/fibers.node
354 silly gunzTarPerm modified mode [ 'bin/win32-x64-v8-4.6/fibers.node', 420, 438 ]
355 silly gunzTarPerm extractEntry src/coroutine.cc
356 silly gunzTarPerm modified mode [ 'src/coroutine.cc', 420, 438 ]
357 silly gunzTarPerm extractEntry src/coroutine.cc
358 silly gunzTarPerm modified mode [ 'src/coroutine.cc', 420, 438 ]
359 silly gunzTarPerm extractEntry src/coroutine.h
360 silly gunzTarPerm modified mode [ 'src/coroutine.h', 420, 438 ]
361 silly gunzTarPerm extractEntry src/fibers.cc
362 silly gunzTarPerm modified mode [ 'src/fibers.cc', 420, 438 ]
363 silly gunzTarPerm extractEntry src/coroutine.h
364 silly gunzTarPerm modified mode [ 'src/coroutine.h', 420, 438 ]
365 silly gunzTarPerm extractEntry src/fibers.cc
366 silly gunzTarPerm modified mode [ 'src/fibers.cc', 420, 438 ]
367 silly gunzTarPerm extractEntry src/libcoro/README
368 silly gunzTarPerm modified mode [ 'src/libcoro/README', 420, 438 ]
369 silly gunzTarPerm extractEntry src/libcoro/LICENSE
370 silly gunzTarPerm modified mode [ 'src/libcoro/LICENSE', 420, 438 ]
371 silly gunzTarPerm extractEntry src/libcoro/README
372 silly gunzTarPerm modified mode [ 'src/libcoro/README', 420, 438 ]
373 silly gunzTarPerm extractEntry src/libcoro/LICENSE
374 silly gunzTarPerm modified mode [ 'src/libcoro/LICENSE', 420, 438 ]
375 silly gunzTarPerm extractEntry src/libcoro/conftest.c
376 silly gunzTarPerm modified mode [ 'src/libcoro/conftest.c', 420, 438 ]
377 silly gunzTarPerm extractEntry src/libcoro/conftest.c
378 silly gunzTarPerm modified mode [ 'src/libcoro/conftest.c', 420, 438 ]
379 silly gunzTarPerm extractEntry src/libcoro/coro.c
380 silly gunzTarPerm modified mode [ 'src/libcoro/coro.c', 420, 438 ]
381 silly gunzTarPerm extractEntry src/libcoro/coro.c
382 silly gunzTarPerm modified mode [ 'src/libcoro/coro.c', 420, 438 ]
383 silly gunzTarPerm extractEntry src/libcoro/coro.h
384 silly gunzTarPerm modified mode [ 'src/libcoro/coro.h', 420, 438 ]
385 silly gunzTarPerm extractEntry test/already-running.js
386 silly gunzTarPerm modified mode [ 'test/already-running.js', 420, 438 ]
387 silly gunzTarPerm extractEntry test/exit.js
388 silly gunzTarPerm modified mode [ 'test/exit.js', 420, 438 ]
389 silly gunzTarPerm extractEntry src/libcoro/coro.h
390 silly gunzTarPerm modified mode [ 'src/libcoro/coro.h', 420, 438 ]
391 silly gunzTarPerm extractEntry test/already-running.js
392 silly gunzTarPerm modified mode [ 'test/already-running.js', 420, 438 ]
393 silly gunzTarPerm extractEntry test/exit.js
394 silly gunzTarPerm modified mode [ 'test/exit.js', 420, 438 ]
395 silly gunzTarPerm extractEntry test/fibonacci.js
396 silly gunzTarPerm modified mode [ 'test/fibonacci.js', 420, 438 ]
397 silly gunzTarPerm extractEntry test/fibonacci.js
398 silly gunzTarPerm modified mode [ 'test/fibonacci.js', 420, 438 ]
399 silly gunzTarPerm extractEntry test/finish-multiple.js
400 silly gunzTarPerm modified mode [ 'test/finish-multiple.js', 420, 438 ]
401 silly gunzTarPerm extractEntry test/finish-multiple.js
402 silly gunzTarPerm modified mode [ 'test/finish-multiple.js', 420, 438 ]
403 silly gunzTarPerm extractEntry test/future-exception.js
404 silly gunzTarPerm modified mode [ 'test/future-exception.js', 420, 438 ]
405 silly gunzTarPerm extractEntry test/exec.js
406 silly gunzTarPerm modified mode [ 'test/exec.js', 420, 438 ]
407 silly gunzTarPerm extractEntry test/illegal-yield.js
408 silly gunzTarPerm modified mode [ 'test/illegal-yield.js', 420, 438 ]
409 silly gunzTarPerm extractEntry test/future-exception.js
410 silly gunzTarPerm modified mode [ 'test/future-exception.js', 420, 438 ]
411 silly gunzTarPerm extractEntry test/exec.js
412 silly gunzTarPerm modified mode [ 'test/exec.js', 420, 438 ]
413 silly gunzTarPerm extractEntry test/illegal-yield.js
414 silly gunzTarPerm modified mode [ 'test/illegal-yield.js', 420, 438 ]
415 silly gunzTarPerm extractEntry test/pool.js
416 silly gunzTarPerm modified mode [ 'test/pool.js', 420, 438 ]
417 silly gunzTarPerm extractEntry test/pool.js
418 silly gunzTarPerm modified mode [ 'test/pool.js', 420, 438 ]
419 silly gunzTarPerm extractEntry test/process-title.js
420 silly gunzTarPerm modified mode [ 'test/process-title.js', 420, 438 ]
421 silly gunzTarPerm extractEntry test/process-title.js
422 silly gunzTarPerm modified mode [ 'test/process-title.js', 420, 438 ]
423 silly gunzTarPerm extractEntry test/stack-overflow.js
424 silly gunzTarPerm modified mode [ 'test/stack-overflow.js', 420, 438 ]
425 silly gunzTarPerm extractEntry test/stack-overflow.js
426 silly gunzTarPerm modified mode [ 'test/stack-overflow.js', 420, 438 ]
427 silly gunzTarPerm extractEntry test/stack-overflow2.js
428 silly gunzTarPerm modified mode [ 'test/stack-overflow2.js', 493, 511 ]
429 silly gunzTarPerm extractEntry test/current.js
430 silly gunzTarPerm modified mode [ 'test/current.js', 420, 438 ]
431 silly gunzTarPerm extractEntry test/stack-overflow3.js
432 silly gunzTarPerm modified mode [ 'test/stack-overflow3.js', 420, 438 ]
433 silly gunzTarPerm extractEntry test/stack-overflow2.js
434 silly gunzTarPerm modified mode [ 'test/stack-overflow2.js', 493, 511 ]
435 silly gunzTarPerm extractEntry test/current.js
436 silly gunzTarPerm modified mode [ 'test/current.js', 420, 438 ]
437 silly gunzTarPerm extractEntry test/stack-overflow3.js
438 silly gunzTarPerm modified mode [ 'test/stack-overflow3.js', 420, 438 ]
439 silly gunzTarPerm extractEntry test/child-process.js
440 silly gunzTarPerm modified mode [ 'test/child-process.js', 420, 438 ]
441 silly gunzTarPerm extractEntry test/child-process.js
442 silly gunzTarPerm modified mode [ 'test/child-process.js', 420, 438 ]
443 silly gunzTarPerm extractEntry test/started.js
444 silly gunzTarPerm modified mode [ 'test/started.js', 420, 438 ]
445 silly gunzTarPerm extractEntry test/started.js
446 silly gunzTarPerm modified mode [ 'test/started.js', 420, 438 ]
447 silly gunzTarPerm extractEntry test/bad-context.js
448 silly gunzTarPerm modified mode [ 'test/bad-context.js', 420, 438 ]
449 silly gunzTarPerm extractEntry test/bad-context.js
450 silly gunzTarPerm modified mode [ 'test/bad-context.js', 420, 438 ]
451 silly gunzTarPerm extractEntry test/unwind.js
452 silly gunzTarPerm modified mode [ 'test/unwind.js', 420, 438 ]
453 silly gunzTarPerm extractEntry test/future.js
454 silly gunzTarPerm modified mode [ 'test/future.js', 420, 438 ]
455 silly gunzTarPerm extractEntry test/unwind.js
456 silly gunzTarPerm modified mode [ 'test/unwind.js', 420, 438 ]
457 silly gunzTarPerm extractEntry test/future.js
458 silly gunzTarPerm modified mode [ 'test/future.js', 420, 438 ]
459 verbose write writing to C:\Users\Rony\workspace\SIG\node_modules\synchronize\node_modules\fibers\package.json
460 verbose write writing to C:\Users\Rony\workspace\SIG\node_modules\sync\node_modules\fibers\package.json
461 info preinstall fibers@1.0.8
462 info preinstall fibers@1.0.8
463 verbose readDependencies loading dependencies from C:\Users\Rony\workspace\SIG\node_modules\synchronize\node_modules\fibers\package.json
464 verbose readDependencies loading dependencies from C:\Users\Rony\workspace\SIG\node_modules\sync\node_modules\fibers\package.json
465 verbose readDependencies loading dependencies from C:\Users\Rony\workspace\SIG\node_modules\synchronize\node_modules\fibers\package.json
466 verbose readDependencies loading dependencies from C:\Users\Rony\workspace\SIG\node_modules\sync\node_modules\fibers\package.json
467 silly install resolved []
468 verbose about to build C:\Users\Rony\workspace\SIG\node_modules\synchronize\node_modules\fibers
469 info build C:\Users\Rony\workspace\SIG\node_modules\synchronize\node_modules\fibers
470 silly install resolved []
471 verbose about to build C:\Users\Rony\workspace\SIG\node_modules\sync\node_modules\fibers
472 info build C:\Users\Rony\workspace\SIG\node_modules\sync\node_modules\fibers
473 info linkStuff fibers@1.0.8
474 silly linkStuff fibers@1.0.8 has C:\Users\Rony\workspace\SIG\node_modules\synchronize\node_modules as its parent node_modules
475 info linkStuff fibers@1.0.8
476 silly linkStuff fibers@1.0.8 has C:\Users\Rony\workspace\SIG\node_modules\sync\node_modules as its parent node_modules
477 verbose linkBins fibers@1.0.8
478 verbose linkMans fibers@1.0.8
479 verbose rebuildBundles fibers@1.0.8
480 verbose linkBins fibers@1.0.8
481 verbose linkMans fibers@1.0.8
482 verbose rebuildBundles fibers@1.0.8
483 info install fibers@1.0.8
484 info install fibers@1.0.8
485 verbose unsafe-perm in lifecycle true
486 info fibers@1.0.8 Failed to exec install script
487 verbose unsafe-perm in lifecycle true
488 verbose unlock done using C:\Users\Rony\AppData\Roaming\npm-cache\_locks\fibers-b762f26bbbe88bf1.lock for C:\Users\Rony\workspace\SIG\node_modules\synchronize\node_modules\fibers
489 verbose about to build C:\Users\Rony\workspace\SIG\node_modules\synchronize
490 verbose unlock done using C:\Users\Rony\AppData\Roaming\npm-cache\_locks\synchronize-8054eb85fe38b4a3.lock for C:\Users\Rony\workspace\SIG\node_modules\synchronize
491 info fibers@1.0.8 Failed to exec install script
492 verbose unlock done using C:\Users\Rony\AppData\Roaming\npm-cache\_locks\fibers-06d8b387c1b26fb0.lock for C:\Users\Rony\workspace\SIG\node_modules\sync\node_modules\fibers
493 verbose about to build C:\Users\Rony\workspace\SIG\node_modules\sync
494 verbose unlock done using C:\Users\Rony\AppData\Roaming\npm-cache\_locks\sync-e951bc92c20fe41f.lock for C:\Users\Rony\workspace\SIG\node_modules\sync
495 verbose stack Error: fibers@1.0.8 install: `node build.js || nodejs build.js`
495 verbose stack Exit status 1
495 verbose stack     at EventEmitter.<anonymous> (C:\Program Files\nodejs\node_modules\npm\lib\utils\lifecycle.js:213:16)
495 verbose stack     at EventEmitter.emit (events.js:110:17)
495 verbose stack     at ChildProcess.<anonymous> (C:\Program Files\nodejs\node_modules\npm\lib\utils\spawn.js:24:14)
495 verbose stack     at ChildProcess.emit (events.js:110:17)
495 verbose stack     at maybeClose (child_process.js:1015:16)
495 verbose stack     at Process.ChildProcess._handle.onexit (child_process.js:1087:5)
496 verbose pkgid fibers@1.0.8
497 verbose cwd C:\Users\Rony\workspace\SIG
498 error Windows_NT 6.3.9600
499 error argv "C:\\Program Files\\nodejs\\\\node.exe" "C:\\Program Files\\nodejs\\node_modules\\npm\\bin\\npm-cli.js" "install"
500 error node v0.12.7
501 error npm  v2.11.3
502 error code ELIFECYCLE
503 error fibers@1.0.8 install: `node build.js || nodejs build.js`
503 error Exit status 1
504 error Failed at the fibers@1.0.8 install script 'node build.js || nodejs build.js'.
504 error This is most likely a problem with the fibers package,
504 error not with npm itself.
504 error Tell the author that this fails on your system:
504 error     node build.js || nodejs build.js
504 error You can get their info via:
504 error     npm owner ls fibers
504 error There is likely additional logging output above.
505 verbose exit [ 1, true ]
506 verbose unbuild node_modules\synchronize\node_modules\fibers
507 info preuninstall fibers@1.0.8
508 info uninstall fibers@1.0.8
509 verbose unbuild rmStuff fibers@1.0.8 from C:\Users\Rony\workspace\SIG\node_modules
510 verbose unbuild rmStuff in C:\Users\Rony\workspace\SIG\node_modules\synchronize\node_modules
511 info postuninstall fibers@1.0.8
512 silly gentlyRm C:\Users\Rony\workspace\SIG\node_modules\synchronize\node_modules\fibers is being purged from base C:\Users\Rony\workspace\SIG
513 verbose gentlyRm don't care about contents; nuking C:\Users\Rony\workspace\SIG\node_modules\synchronize\node_modules\fibers
514 silly vacuum-fs purging C:\Users\Rony\workspace\SIG\node_modules\synchronize\node_modules\fibers
515 silly vacuum-fs removing C:\Users\Rony\workspace\SIG\node_modules\synchronize\node_modules
516 silly vacuum-fs quitting because other entries in C:\Users\Rony\workspace\SIG\node_modules\synchronize
517 verbose unbuild node_modules\synchronize
518 info preuninstall synchronize@0.9.14
519 info uninstall synchronize@0.9.14
520 verbose unbuild rmStuff synchronize@0.9.14 from C:\Users\Rony\workspace\SIG\node_modules
521 info postuninstall synchronize@0.9.14
522 silly gentlyRm C:\Users\Rony\workspace\SIG\node_modules\synchronize is being purged from base C:\Users\Rony\workspace\SIG
523 verbose gentlyRm don't care about contents; nuking C:\Users\Rony\workspace\SIG\node_modules\synchronize
524 silly vacuum-fs purging C:\Users\Rony\workspace\SIG\node_modules\synchronize
525 silly vacuum-fs quitting because other entries in C:\Users\Rony\workspace\SIG\node_modules
526 verbose unbuild node_modules\sync\node_modules\fibers
527 info preuninstall fibers@1.0.8
528 info uninstall fibers@1.0.8
529 verbose unbuild rmStuff fibers@1.0.8 from C:\Users\Rony\workspace\SIG\node_modules
530 verbose unbuild rmStuff in C:\Users\Rony\workspace\SIG\node_modules\sync\node_modules
531 info postuninstall fibers@1.0.8
532 silly gentlyRm C:\Users\Rony\workspace\SIG\node_modules\sync\node_modules\fibers is being purged from base C:\Users\Rony\workspace\SIG
533 verbose gentlyRm don't care about contents; nuking C:\Users\Rony\workspace\SIG\node_modules\sync\node_modules\fibers
534 silly vacuum-fs purging C:\Users\Rony\workspace\SIG\node_modules\sync\node_modules\fibers
535 silly vacuum-fs removing C:\Users\Rony\workspace\SIG\node_modules\sync\node_modules
536 silly vacuum-fs quitting because other entries in C:\Users\Rony\workspace\SIG\node_modules\sync
537 verbose unbuild node_modules\sync
538 info preuninstall sync@0.2.5
539 info uninstall sync@0.2.5
540 verbose unbuild rmStuff sync@0.2.5 from C:\Users\Rony\workspace\SIG\node_modules
541 info postuninstall sync@0.2.5
542 silly gentlyRm C:\Users\Rony\workspace\SIG\node_modules\sync is being purged from base C:\Users\Rony\workspace\SIG
543 verbose gentlyRm don't care about contents; nuking C:\Users\Rony\workspace\SIG\node_modules\sync
544 silly vacuum-fs purging C:\Users\Rony\workspace\SIG\node_modules\sync
545 silly vacuum-fs quitting because other entries in C:\Users\Rony\workspace\SIG\node_modules
